2024-11-08 22:22:51 INFO  org.example.bank.database.DatabaseR - Connected to the PostgreSQL server successfully.
2024-11-08 22:22:51 INFO  org.example.bank.database.DatabaseR - DatabaseR instance created.
2024-11-08 22:23:26 INFO  org.example.bank.database.DatabaseR - Connected to the PostgreSQL server successfully.
2024-11-08 22:23:26 INFO  org.example.bank.database.DatabaseR - DatabaseR instance created.
2024-11-08 22:28:34 INFO  org.example.bank.database.DatabaseR - Connected to the PostgreSQL server successfully.
2024-11-08 22:28:34 INFO  org.example.bank.database.DatabaseR - DatabaseR instance created.
2024-11-08 22:28:35 WARN  org.example.bank.database.DatabaseR - DatabaseR instance already exists.
2024-11-08 22:34:59 INFO  org.example.bank.database.DatabaseR - Connected to the PostgreSQL server successfully.
2024-11-08 22:34:59 INFO  org.example.bank.database.DatabaseR - DatabaseR instance created.
2024-11-08 22:35:00 WARN  org.example.bank.database.DatabaseR - DatabaseR instance already exists.
2024-11-09 20:22:54 INFO  org.example.bank.database.DatabaseR - Connected to the PostgreSQL server successfully.
2024-11-09 20:22:54 INFO  org.example.bank.database.DatabaseR - DatabaseR instance created.
2024-11-09 20:22:55 ERROR org.example.bank.database.DatabaseR - DatabaseR instance already exists.
2024-11-09 20:27:54 INFO  org.example.bank.database.DatabaseR - Connected to the PostgreSQL server successfully.
2024-11-09 20:27:54 INFO  org.example.bank.database.DatabaseR - DatabaseR instance created.
2024-11-09 20:27:55 ERROR org.example.bank.database.DatabaseR - DatabaseR instance already exists.
2024-11-09 20:41:37 INFO  org.example.bank.database.DatabaseR - Connected to the PostgreSQL server successfully.
2024-11-09 20:41:37 INFO  org.example.bank.database.DatabaseR - DatabaseR instance created.
2024-11-09 20:41:38 ERROR org.example.bank.database.DatabaseR - DatabaseR instance already exists.
2024-11-09 20:49:16 INFO  org.example.bank.database.DatabaseR - Connected to the PostgreSQL server successfully.
2024-11-09 20:49:16 INFO  org.example.bank.database.DatabaseR - DatabaseR instance created.
2024-11-09 20:49:17 ERROR org.example.bank.database.DatabaseR - DatabaseR instance already exists.
2024-11-09 20:54:48 INFO  org.example.bank.database.DatabaseR - Connected to the PostgreSQL server successfully.
2024-11-09 20:54:48 INFO  org.example.bank.database.DatabaseR - DatabaseR instance created.
2024-11-09 20:54:49 ERROR org.example.bank.database.DatabaseR - DatabaseR instance already exists.
2024-11-09 20:59:09 INFO  org.example.bank.database.DatabaseR - Connected to the PostgreSQL server successfully.
2024-11-09 20:59:09 INFO  org.example.bank.database.DatabaseR - DatabaseR instance created.
2024-11-09 20:59:10 ERROR org.example.bank.database.DatabaseR - DatabaseR instance already exists.
2024-11-09 21:05:24 INFO  org.example.bank.database.DatabaseR - Connected to the PostgreSQL server successfully.
2024-11-09 21:05:24 INFO  org.example.bank.database.DatabaseR - DatabaseR instance created.
2024-11-09 21:05:25 ERROR org.example.bank.database.DatabaseR - DatabaseR instance already exists.
2024-11-09 21:05:47 INFO  org.example.bank.database.DatabaseR - Connected to the PostgreSQL server successfully.
2024-11-09 21:05:47 INFO  org.example.bank.database.DatabaseR - DatabaseR instance created.
2024-11-09 21:05:48 ERROR org.example.bank.database.DatabaseR - DatabaseR instance already exists.
2024-11-09 21:06:40 INFO  org.example.bank.database.DatabaseR - Connected to the PostgreSQL server successfully.
2024-11-09 21:06:40 INFO  org.example.bank.database.DatabaseR - DatabaseR instance created.
2024-11-09 21:06:41 ERROR org.example.bank.database.DatabaseR - DatabaseR instance already exists.
2024-11-09 21:07:03 INFO  org.example.bank.database.DatabaseR - Connected to the PostgreSQL server successfully.
2024-11-09 21:07:03 INFO  org.example.bank.database.DatabaseR - DatabaseR instance created.
2024-11-09 21:07:04 ERROR org.example.bank.database.DatabaseR - DatabaseR instance already exists.
2024-11-09 21:14:08 INFO  org.example.bank.database.DatabaseR - Connected to the PostgreSQL server successfully.
2024-11-09 21:14:08 INFO  org.example.bank.database.DatabaseR - DatabaseR instance created.
2024-11-09 21:14:09 ERROR org.example.bank.database.DatabaseR - DatabaseR instance already exists.
2024-11-09 21:14:45 INFO  org.example.bank.database.DatabaseR - Connected to the PostgreSQL server successfully.
2024-11-09 21:14:45 INFO  org.example.bank.database.DatabaseR - DatabaseR instance created.
2024-11-09 21:14:46 ERROR org.example.bank.database.DatabaseR - DatabaseR instance already exists.
2024-11-09 21:16:00 INFO  org.example.bank.database.DatabaseR - Connected to the PostgreSQL server successfully.
2024-11-09 21:16:00 INFO  org.example.bank.database.DatabaseR - DatabaseR instance created.
2024-11-09 21:16:01 ERROR org.example.bank.database.DatabaseR - DatabaseR instance already exists.
2024-11-09 21:16:48 INFO  org.example.bank.database.DatabaseR - Connected to the PostgreSQL server successfully.
2024-11-09 21:16:48 INFO  org.example.bank.database.DatabaseR - DatabaseR instance created.
2024-11-09 21:16:49 ERROR org.example.bank.database.DatabaseR - DatabaseR instance already exists.
2024-11-09 22:20:32 INFO  org.example.bank.database.DatabaseR - Connected to the PostgreSQL server successfully.
2024-11-09 22:20:32 INFO  org.example.bank.database.DatabaseR - DatabaseR instance created.
2024-11-09 22:20:32 INFO  org.example.bank.until.TimeLobby - Время обновилось: 22:20:32
2024-11-09 22:20:33 ERROR org.example.bank.database.DatabaseR - DatabaseR instance already exists.
2024-11-09 22:23:00 INFO  org.example.bank.database.DatabaseR - Connected to the PostgreSQL server successfully.
2024-11-09 22:23:00 INFO  org.example.bank.database.DatabaseR - DatabaseR instance created.
2024-11-09 22:23:01 INFO  org.example.bank.until.TimeLobby - Время обновлено: 22:23:01.028268600
2024-11-09 22:23:01 ERROR org.example.bank.database.DatabaseR - DatabaseR instance already exists.
